<?xml version="1.0" encoding="UTF-8"?>
<testsuite xmlns:xsi="http://www.w3.org/2001/XMLSchema-instance" xsi:noNamespaceSchemaLocation="https://maven.apache.org/surefire/maven-surefire-plugin/xsd/surefire-test-report-3.0.xsd" version="3.0" name="com.uasz.Gestion_DAOS_Repartition.GestionDaosRepartitionApplicationTests" time="20.052" tests="1" errors="0" skipped="0" failures="0">
  <properties>
[...]
</properties>
  <testcase name="contextLoads" classname="com.uasz.Gestion_DAOS_Repartition.GestionDaosRepartitionApplicationTests" time="1.118">
    <system-out><![CDATA[03:33:10.735 [main] INFO org.springframework.test.context.support.AnnotationConfigContextLoaderUtils -- Could not detect default configuration classes for test class [com.uasz.Gestion_DAOS_Repartition.GestionDaosRepartitionApplicationTests]: GestionDaosRepartitionApplicationTests does not declare any static, non-private, non-final, nested classes annotated with @Configuration.
03:33:10.972 [main] INFO org.springframework.boot.test.context.SpringBootTestContextBootstrapper -- Found @SpringBootConfiguration com.uasz.Gestion_DAOS_Repartition.GestionDaosRepartitionApplication for test class com.uasz.Gestion_DAOS_Repartition.GestionDaosRepartitionApplicationTests
03:33:11.315 [main] INFO org.springframework.boot.devtools.restart.RestartApplicationListener -- Restart disabled due to context in which it is running

  .   ____          _            __ _ _
 /\\ / ___'_ __ _ _(_)_ __  __ _ \ \ \ \
( ( )\___ | '_ | '_| | '_ \/ _` | \ \ \ \
 \\/  ___)| |_)| | | | | || (_| |  ) ) ) )
  '  |____| .__|_| |_|_| |_\__, | / / / /
 =========|_|==============|___/=/_/_/_/
 :: Spring Boot ::                (v3.2.2)

2024-02-27T03:33:13.704Z  INFO 1941840 --- [repartition-service] [           main] G.GestionDaosRepartitionApplicationTests : Starting GestionDaosRepartitionApplicationTests using Java 21.0.1 with PID 1941840 (started by smah in /home/smah/Documents/Projet/DAOS_microservice/Gestion_DAOS_Repartition/Gestion_DAOS)
2024-02-27T03:33:13.706Z  INFO 1941840 --- [repartition-service] [           main] G.GestionDaosRepartitionApplicationTests : No active profile set, falling back to 1 default profile: "default"
2024-02-27T03:33:13.784Z  INFO 1941840 --- [repartition-service] [           main] o.s.c.c.c.ConfigServerConfigDataLoader   : Fetching config from server at : http://localhost:8888/
2024-02-27T03:33:13.785Z  INFO 1941840 --- [repartition-service] [           main] o.s.c.c.c.ConfigServerConfigDataLoader   : Located environment: name=repartition-service, profiles=[default], label=null, version=ac2c859dca1e25d412152a018f82b4894df4aab4, state=null
2024-02-27T03:33:16.353Z  INFO 1941840 --- [repartition-service] [           main] .s.d.r.c.RepositoryConfigurationDelegate : Bootstrapping Spring Data JPA repositories in DEFAULT mode.
2024-02-27T03:33:16.742Z  INFO 1941840 --- [repartition-service] [           main] .s.d.r.c.RepositoryConfigurationDelegate : Finished Spring Data repository scanning in 371 ms. Found 5 JPA repository interfaces.
2024-02-27T03:33:17.639Z  INFO 1941840 --- [repartition-service] [           main] o.s.cloud.context.scope.GenericScope     : BeanFactory id=7cb44db5-73f6-397a-8feb-90e6c5ec416b
2024-02-27T03:33:18.369Z  WARN 1941840 --- [repartition-service] [           main] trationDelegate$BeanPostProcessorChecker : Bean 'org.springframework.cloud.client.loadbalancer.LoadBalancerAutoConfiguration$LoadBalancerInterceptorConfig' of type [org.springframework.cloud.client.loadbalancer.LoadBalancerAutoConfiguration$LoadBalancerInterceptorConfig] is not eligible for getting processed by all BeanPostProcessors (for example: not eligible for auto-proxying). The currently created BeanPostProcessor [lbRestClientPostProcessor] is declared through a non-static factory method on that class; consider declaring it as static instead.
2024-02-27T03:33:18.378Z  WARN 1941840 --- [repartition-service] [           main] trationDelegate$BeanPostProcessorChecker : Bean 'org.springframework.cloud.loadbalancer.config.BlockingLoadBalancerClientAutoConfiguration' of type [org.springframework.cloud.loadbalancer.config.BlockingLoadBalancerClientAutoConfiguration] is not eligible for getting processed by all BeanPostProcessors (for example: not eligible for auto-proxying). Is this bean getting eagerly injected into a currently created BeanPostProcessor [lbRestClientPostProcessor]? Check the corresponding BeanPostProcessor declaration and its dependencies.
2024-02-27T03:33:18.385Z  WARN 1941840 --- [repartition-service] [           main] trationDelegate$BeanPostProcessorChecker : Bean 'org.springframework.cloud.loadbalancer.config.LoadBalancerAutoConfiguration' of type [org.springframework.cloud.loadbalancer.config.LoadBalancerAutoConfiguration] is not eligible for getting processed by all BeanPostProcessors (for example: not eligible for auto-proxying). Is this bean getting eagerly injected into a currently created BeanPostProcessor [lbRestClientPostProcessor]? Check the corresponding BeanPostProcessor declaration and its dependencies.
2024-02-27T03:33:18.405Z  WARN 1941840 --- [repartition-service] [           main] trationDelegate$BeanPostProcessorChecker : Bean 'org.springframework.cloud.commons.config.CommonsConfigAutoConfiguration' of type [org.springframework.cloud.commons.config.CommonsConfigAutoConfiguration] is not eligible for getting processed by all BeanPostProcessors (for example: not eligible for auto-proxying). Is this bean getting eagerly injected into a currently created BeanPostProcessor [lbRestClientPostProcessor]? Check the corresponding BeanPostProcessor declaration and its dependencies.
2024-02-27T03:33:18.412Z  WARN 1941840 --- [repartition-service] [           main] trationDelegate$BeanPostProcessorChecker : Bean 'org.springframework.cloud.client.loadbalancer.LoadBalancerDefaultMappingsProviderAutoConfiguration' of type [org.springframework.cloud.client.loadbalancer.LoadBalancerDefaultMappingsProviderAutoConfiguration] is not eligible for getting processed by all BeanPostProcessors (for example: not eligible for auto-proxying). Is this bean getting eagerly injected into a currently created BeanPostProcessor [lbRestClientPostProcessor]? Check the corresponding BeanPostProcessor declaration and its dependencies.
2024-02-27T03:33:18.416Z  WARN 1941840 --- [repartition-service] [           main] trationDelegate$BeanPostProcessorChecker : Bean 'loadBalancerClientsDefaultsMappingsProvider' of type [org.springframework.cloud.client.loadbalancer.LoadBalancerDefaultMappingsProviderAutoConfiguration$$Lambda/0x00007fe91c517570] is not eligible for getting processed by all BeanPostProcessors (for example: not eligible for auto-proxying). Is this bean getting eagerly injected into a currently created BeanPostProcessor [lbRestClientPostProcessor]? Check the corresponding BeanPostProcessor declaration and its dependencies.
2024-02-27T03:33:18.422Z  WARN 1941840 --- [repartition-service] [           main] trationDelegate$BeanPostProcessorChecker : Bean 'defaultsBindHandlerAdvisor' of type [org.springframework.cloud.commons.config.DefaultsBindHandlerAdvisor] is not eligible for getting processed by all BeanPostProcessors (for example: not eligible for auto-proxying). Is this bean getting eagerly injected into a currently created BeanPostProcessor [lbRestClientPostProcessor]? Check the corresponding BeanPostProcessor declaration and its dependencies.
2024-02-27T03:33:18.446Z  WARN 1941840 --- [repartition-service] [           main] trationDelegate$BeanPostProcessorChecker : Bean 'spring.cloud.loadbalancer-org.springframework.cloud.client.loadbalancer.LoadBalancerClientsProperties' of type [org.springframework.cloud.client.loadbalancer.LoadBalancerClientsProperties] is not eligible for getting processed by all BeanPostProcessors (for example: not eligible for auto-proxying). Is this bean getting eagerly injected into a currently created BeanPostProcessor [lbRestClientPostProcessor]? Check the corresponding BeanPostProcessor declaration and its dependencies.
2024-02-27T03:33:18.463Z  WARN 1941840 --- [repartition-service] [           main] trationDelegate$BeanPostProcessorChecker : Bean 'default.org.springframework.cloud.loadbalancer.config.LoadBalancerAutoConfiguration.LoadBalancerClientSpecification' of type [org.springframework.cloud.loadbalancer.annotation.LoadBalancerClientSpecification] is not eligible for getting processed by all BeanPostProcessors (for example: not eligible for auto-proxying). Is this bean getting eagerly injected into a currently created BeanPostProcessor [lbRestClientPostProcessor]? Check the corresponding BeanPostProcessor declaration and its dependencies.
2024-02-27T03:33:18.469Z  WARN 1941840 --- [repartition-service] [           main] trationDelegate$BeanPostProcessorChecker : Bean 'default.org.springframework.cloud.loadbalancer.config.BlockingLoadBalancerClientAutoConfiguration.LoadBalancerClientSpecification' of type [org.springframework.cloud.loadbalancer.annotation.LoadBalancerClientSpecification] is not eligible for getting processed by all BeanPostProcessors (for example: not eligible for auto-proxying). Is this bean getting eagerly injected into a currently created BeanPostProcessor [lbRestClientPostProcessor]? Check the corresponding BeanPostProcessor declaration and its dependencies.
2024-02-27T03:33:18.473Z  WARN 1941840 --- [repartition-service] [           main] trationDelegate$BeanPostProcessorChecker : Bean 'default.org.springframework.cloud.netflix.eureka.loadbalancer.LoadBalancerEurekaAutoConfiguration.LoadBalancerClientSpecification' of type [org.springframework.cloud.loadbalancer.annotation.LoadBalancerClientSpecification] is not eligible for getting processed by all BeanPostProcessors (for example: not eligible for auto-proxying). Is this bean getting eagerly injected into a currently created BeanPostProcessor [lbRestClientPostProcessor]? Check the corresponding BeanPostProcessor declaration and its dependencies.
2024-02-27T03:33:18.477Z  WARN 1941840 --- [repartition-service] [           main] trationDelegate$BeanPostProcessorChecker : Bean 'loadBalancerClientFactory' of type [org.springframework.cloud.loadbalancer.support.LoadBalancerClientFactory] is not eligible for getting processed by all BeanPostProcessors (for example: not eligible for auto-proxying). Is this bean getting eagerly injected into a currently created BeanPostProcessor [lbRestClientPostProcessor]? Check the corresponding BeanPostProcessor declaration and its dependencies.
2024-02-27T03:33:18.501Z  WARN 1941840 --- [repartition-service] [           main] trationDelegate$BeanPostProcessorChecker : Bean 'blockingLoadBalancerClient' of type [org.springframework.cloud.loadbalancer.blocking.client.BlockingLoadBalancerClient] is not eligible for getting processed by all BeanPostProcessors (for example: not eligible for auto-proxying). Is this bean getting eagerly injected into a currently created BeanPostProcessor [lbRestClientPostProcessor]? Check the corresponding BeanPostProcessor declaration and its dependencies.
2024-02-27T03:33:18.523Z  WARN 1941840 --- [repartition-service] [           main] trationDelegate$BeanPostProcessorChecker : Bean 'loadBalancerServiceInstanceCookieTransformer' of type [org.springframework.cloud.loadbalancer.core.LoadBalancerServiceInstanceCookieTransformer] is not eligible for getting processed by all BeanPostProcessors (for example: not eligible for auto-proxying). Is this bean getting eagerly injected into a currently created BeanPostProcessor [lbRestClientPostProcessor]? Check the corresponding BeanPostProcessor declaration and its dependencies.
2024-02-27T03:33:18.529Z  WARN 1941840 --- [repartition-service] [           main] trationDelegate$BeanPostProcessorChecker : Bean 'xForwarderHeadersTransformer' of type [org.springframework.cloud.loadbalancer.blocking.XForwardedHeadersTransformer] is not eligible for getting processed by all BeanPostProcessors (for example: not eligible for auto-proxying). Is this bean getting eagerly injected into a currently created BeanPostProcessor [lbRestClientPostProcessor]? Check the corresponding BeanPostProcessor declaration and its dependencies.
2024-02-27T03:33:18.536Z  WARN 1941840 --- [repartition-service] [           main] trationDelegate$BeanPostProcessorChecker : Bean 'org.springframework.cloud.client.loadbalancer.LoadBalancerAutoConfiguration' of type [org.springframework.cloud.client.loadbalancer.LoadBalancerAutoConfiguration] is not eligible for getting processed by all BeanPostProcessors (for example: not eligible for auto-proxying). Is this bean getting eagerly injected into a currently created BeanPostProcessor [lbRestClientPostProcessor]? Check the corresponding BeanPostProcessor declaration and its dependencies.
2024-02-27T03:33:18.542Z  WARN 1941840 --- [repartition-service] [           main] trationDelegate$BeanPostProcessorChecker : Bean 'loadBalancerRequestFactory' of type [org.springframework.cloud.client.loadbalancer.LoadBalancerRequestFactory] is not eligible for getting processed by all BeanPostProcessors (for example: not eligible for auto-proxying). Is this bean getting eagerly injected into a currently created BeanPostProcessor [lbRestClientPostProcessor]? Check the corresponding BeanPostProcessor declaration and its dependencies.
2024-02-27T03:33:18.547Z  WARN 1941840 --- [repartition-service] [           main] trationDelegate$BeanPostProcessorChecker : Bean 'loadBalancerInterceptor' of type [org.springframework.cloud.client.loadbalancer.LoadBalancerInterceptor] is not eligible for getting processed by all BeanPostProcessors (for example: not eligible for auto-proxying). Is this bean getting eagerly injected into a currently created BeanPostProcessor [lbRestClientPostProcessor]? Check the corresponding BeanPostProcessor declaration and its dependencies.
2024-02-27T03:33:18.880Z  INFO 1941840 --- [repartition-service] [           main] o.hibernate.jpa.internal.util.LogHelper  : HHH000204: Processing PersistenceUnitInfo [name: default]
2024-02-27T03:33:18.952Z  INFO 1941840 --- [repartition-service] [           main] org.hibernate.Version                    : HHH000412: Hibernate ORM core version 6.4.1.Final
2024-02-27T03:33:19.001Z  INFO 1941840 --- [repartition-service] [           main] o.h.c.internal.RegionFactoryInitiator    : HHH000026: Second-level cache disabled
2024-02-27T03:33:19.508Z  INFO 1941840 --- [repartition-service] [           main] o.s.o.j.p.SpringPersistenceUnitInfo      : No LoadTimeWeaver setup: ignoring JPA class transformer
2024-02-27T03:33:19.579Z  INFO 1941840 --- [repartition-service] [           main] com.zaxxer.hikari.HikariDataSource       : HikariPool-1 - Starting...
2024-02-27T03:33:19.851Z  INFO 1941840 --- [repartition-service] [           main] com.zaxxer.hikari.pool.HikariPool        : HikariPool-1 - Added connection org.mariadb.jdbc.Connection@2ae7c1d
2024-02-27T03:33:19.859Z  INFO 1941840 --- [repartition-service] [           main] com.zaxxer.hikari.HikariDataSource       : HikariPool-1 - Start completed.
2024-02-27T03:33:22.492Z  INFO 1941840 --- [repartition-service] [           main] o.h.e.t.j.p.i.JtaPlatformInitiator       : HHH000489: No JTA platform available (set 'hibernate.transaction.jta.platform' to enable JTA platform integration)
Hibernate: alter table if exists repartition drop foreign key if exists FKou86nks3wmn9l7lnn7ry1acwl
Hibernate: alter table if exists repartition drop foreign key if exists FKhd86f4x6hmnwdqdqbrtndrmpb
Hibernate: drop table if exists enseignant
Hibernate: drop table if exists enseignement
Hibernate: drop table if exists repartition
Hibernate: create table enseignant (type varchar(3) not null, id bigint not null auto_increment, grade varchar(255), matricule varchar(255), nom varchar(255), prenom varchar(255), specialite varchar(255), primary key (id)) engine=InnoDB
Hibernate: create table enseignement (id bigint not null auto_increment, description varchar(255), libelle varchar(255), objectifs varbinary(255), primary key (id)) engine=InnoDB
Hibernate: create table repartition (cm integer not null, credit integer not null, duree_cours integer not null, effectif integer not null, semestre integer not null, travaux_dirige integer not null, travaux_pratique integer not null, enseignant_id bigint, enseignement_id bigint, id bigint not null auto_increment, classe varchar(255), responsabletd varchar(255), responsabletp varchar(255), primary key (id)) engine=InnoDB
Hibernate: alter table if exists repartition add constraint FKou86nks3wmn9l7lnn7ry1acwl foreign key (enseignant_id) references enseignant (id)
Hibernate: alter table if exists repartition add constraint FKhd86f4x6hmnwdqdqbrtndrmpb foreign key (enseignement_id) references enseignement (id)
2024-02-27T03:33:22.629Z  INFO 1941840 --- [repartition-service] [           main] j.LocalContainerEntityManagerFactoryBean : Initialized JPA EntityManagerFactory for persistence unit 'default'
2024-02-27T03:33:24.168Z  WARN 1941840 --- [repartition-service] [           main] JpaBaseConfiguration$JpaWebConfiguration : spring.jpa.open-in-view is enabled by default. Therefore, database queries may be performed during view rendering. Explicitly configure spring.jpa.open-in-view to disable this warning
2024-02-27T03:33:27.548Z  INFO 1941840 --- [repartition-service] [           main] DiscoveryClientOptionalArgsConfiguration : Eureka HTTP Client uses RestTemplate.
2024-02-27T03:33:27.771Z  INFO 1941840 --- [repartition-service] [           main] o.s.b.a.e.web.EndpointLinksResolver      : Exposing 1 endpoint(s) beneath base path '/actuator'
2024-02-27T03:33:27.934Z  INFO 1941840 --- [repartition-service] [           main] o.s.c.n.eureka.InstanceInfoFactory       : Setting initial instance status as: STARTING
2024-02-27T03:33:28.199Z  INFO 1941840 --- [repartition-service] [           main] com.netflix.discovery.DiscoveryClient    : Initializing Eureka in region us-east-1
2024-02-27T03:33:28.216Z  INFO 1941840 --- [repartition-service] [           main] c.n.d.s.r.aws.ConfigClusterResolver      : Resolving eureka endpoints via configuration
2024-02-27T03:33:28.283Z  INFO 1941840 --- [repartition-service] [           main] com.netflix.discovery.DiscoveryClient    : Disable delta property : false
2024-02-27T03:33:28.284Z  INFO 1941840 --- [repartition-service] [           main] com.netflix.discovery.DiscoveryClient    : Single vip registry refresh property : null
2024-02-27T03:33:28.285Z  INFO 1941840 --- [repartition-service] [           main] com.netflix.discovery.DiscoveryClient    : Force full registry fetch : false
2024-02-27T03:33:28.286Z  INFO 1941840 --- [repartition-service] [           main] com.netflix.discovery.DiscoveryClient    : Application is null : false
2024-02-27T03:33:28.287Z  INFO 1941840 --- [repartition-service] [           main] com.netflix.discovery.DiscoveryClient    : Registered Applications size is zero : true
2024-02-27T03:33:28.288Z  INFO 1941840 --- [repartition-service] [           main] com.netflix.discovery.DiscoveryClient    : Application version is -1: true
2024-02-27T03:33:28.289Z  INFO 1941840 --- [repartition-service] [           main] com.netflix.discovery.DiscoveryClient    : Getting all instance registry info from the eureka server
2024-02-27T03:33:28.937Z  INFO 1941840 --- [repartition-service] [           main] com.netflix.discovery.DiscoveryClient    : The response status is 200
2024-02-27T03:33:28.942Z  INFO 1941840 --- [repartition-service] [           main] com.netflix.discovery.DiscoveryClient    : Starting heartbeat executor: renew interval is: 30
2024-02-27T03:33:28.948Z  INFO 1941840 --- [repartition-service] [           main] c.n.discovery.InstanceInfoReplicator     : InstanceInfoReplicator onDemand update allowed rate per min is 4
2024-02-27T03:33:28.960Z  INFO 1941840 --- [repartition-service] [           main] com.netflix.discovery.DiscoveryClient    : Discovery Client initialized at timestamp 1709004808959 with initial instances count: 0
2024-02-27T03:33:28.979Z  INFO 1941840 --- [repartition-service] [           main] o.s.c.n.e.s.EurekaServiceRegistry        : Registering application REPARTITION-SERVICE with eureka with status UP
2024-02-27T03:33:28.980Z  INFO 1941840 --- [repartition-service] [           main] com.netflix.discovery.DiscoveryClient    : Saw local status change event StatusChangeEvent [timestamp=1709004808980, current=UP, previous=STARTING]
2024-02-27T03:33:28.984Z  INFO 1941840 --- [repartition-service] [nfoReplicator-0] com.netflix.discovery.DiscoveryClient    : DiscoveryClient_REPARTITION-SERVICE/192.168.81.95:repartition-service:8082: registering service...
2024-02-27T03:33:29.056Z  INFO 1941840 --- [repartition-service] [           main] G.GestionDaosRepartitionApplicationTests : Started GestionDaosRepartitionApplicationTests in 17.788 seconds (process running for 20.064)
Hibernate: insert into enseignement (description,libelle,objectifs) values (?,?,?)
2024-02-27T03:33:29.166Z  INFO 1941840 --- [repartition-service] [nfoReplicator-0] com.netflix.discovery.DiscoveryClient    : DiscoveryClient_REPARTITION-SERVICE/192.168.81.95:repartition-service:8082 - registration status: 204
]]></system-out>
    <system-err><![CDATA[WARNING: A Java agent has been loaded dynamically (/home/smah/.m2/repository/net/bytebuddy/byte-buddy-agent/1.14.11/byte-buddy-agent-1.14.11.jar)
WARNING: If a serviceability tool is in use, please run with -XX:+EnableDynamicAgentLoading to hide this warning
WARNING: If a serviceability tool is not in use, please run with -Djdk.instrument.traceUsage for more information
WARNING: Dynamic loading of agents will be disallowed by default in a future release
]]></system-err>
  </testcase>
</testsuite>